cac0b745-174c-4083-956d-5befbe2eaca3:1749451093478:0:F:CREATE TABLE EMP_01(\n    EMP_ID NUMBER PRIMARY KEY,\n    EMP_NAME VARCHAR2(30) NOT NULL,\n    DEPT_TITLE VARCHAR2(30),\n    HIRE_DATE DATE DEFAULT SYSDATE\n    );
ae47a5f4-41b1-41be-b68e-7e5e22ecf1ee:1749451093672:12:S:INSERT INTO EMP_01\nVALUES (100, '이승민', '서비스 개발팀', DEFAULT);
1194abe0-1adf-4443-b787-0142b58eccd9:1749451093804:0:F:INSERT INTO EMP_01\nVALUES(200, '박기민', '개발 지원팀');
dff3c23b-c1e2-4f0b-b92b-cf3fa362c70d:1749451094048:4:S:INSERT INTO EMP_01\nVALUES(300, '디자인팀', '성예찬', SYSDATE);
aca72c01-c55b-49db-92cb-5aca8a73c1b1:1749451094181:0:F:INSERT INTO EMP_01\nVALUES ('기획팀', 400, '이상엽', DEFAULT);
5197b498-5ead-428a-a0d8-ed5389634345:1749451094337:3:S:INSERT INTO EMP_01(EMP_ID, EMP_NAME, DEPT_TITLE, HIRE_DATE)\nVALUES (500, '조규상', '마케팅팀', NULL);
2583dfe7-fdf0-44d3-bee4-dbf0cfbc79dd:1749451094441:3:S:INSERT INTO EMP_01(EMP_NAME, EMP_ID, DEPT_TITLE)\nVALUES('최다인', 600, '인사팀');
6e6c34f4-01fd-4f2e-ab90-006f0ceb125c:1749451094577:0:F:INSERT INTO EMP_01(EMP_ID, DEPT_TITLE)\nVALUES (700, '보안팀');
4751c2ae-39fd-4959-9bea-d5e0575961c9:1749451094768:6:S:INSERT INTO EMP_01 (\n    SELECT EMP_ID, EMP_NAME, DEPT_TITLE, HIRE_DATE -- 순서랑 갯수만 주의\n    FROM EMPLOYEE\n    JOIN DEPARTMENT ON (DEPT_CODE = DEPT_ID)\n);
e7697b2e-ce79-4209-9a9d-be4f66d2f060:1749451094810:16:S:TRUNCATE TABLE EMP_01;
65e9184b-717e-4547-9b02-93895a61451e:1749451094974:0:F:);
eca0d179-d4dc-4282-897e-0cc40ef47d72:1749451095296:0:F:CREATE TABLE EMP_DEPT\nAS SELECT EMP_ID, EMP_NAME, DEPT_CODE, HIRE_DATE\nFROM EMPLOYEE\nWHERE 1=0;
d6195577-f1f0-4636-b694-4af933d0289a:1749451095470:0:F:CREATE TABLE EMP_MANAGER\nAS SELECT EMP_ID, EMP_NAME, MANAGER_ID\nFROM EMPLOYEE\nWHERE 1=0;
2ac880ea-0703-4d3b-a965-a91ad0a4e971:1749451095764:3:S:INSERT ALL\n    INTO EMP_DEPT VALUES (EMP_ID, EMP_NAME, DEPT_CODE, HIRE_DATE)\n    -- 테이블명의 컬럼이름을 기재안한 이유는 값에 전체 값이 다 들어가기때문에 안들어가도 된다.\n    INTO EMP_MANAGER VALUES (EMP_ID, EMP_NAME, MANAGER_ID)\n    SELECT EMP_ID, EMP_NAME, DEPT_CODE, HIRE_DATE, MANAGER_ID\n    FROM EMPLOYEE\n    WHERE DEPT_CODE = 'D1';
67c80ce6-d31d-46fd-97cb-4e2bab5a4eaa:1749451095970:0:F:CREATE TABLE EMP_OLD\nAS SELECT EMP_ID, EMP_NAME, HIRE_DATE, SALARY\nFROM EMPLOYEE\nWHERE 0=1;
428c6482-079e-4e7c-8a74-8ee2a40b8b1e:1749451096112:0:F:CREATE TABLE EMP_NEW \nAS SELECT EMP_ID, EMP_NAME, HIRE_DATE, SALARY\nFROM EMPLOYEE\nWHERE 0=1;
dddec1dc-a60b-4589-b983-9d17afaaad2b:1749451096206:62:S:SELECT * FROM EMP_DEPT;
f847e4ba-ba71-4965-9151-3da1d4c415d1:1749451096313:3:S:SELECT * FROM EMP_MANAGER;
65e93e2a-ef47-42a7-a8da-ed814f5c1df6:1749451096380:1:S:ALTER SESSION SET NLS_DATE_FORMAT = 'YYYY/MM/DD';
5f927b68-1855-49a7-b38a-0f0a293b9741:1749451096623:12:S:INSERT ALL\n    WHEN HIRE_DATE < '2000/01/01' THEN\n        INTO EMP_OLD VALUES(EMP_ID, EMP_NAME, HIRE_DATE, SALARY)\n    WHEN HIRE_DATE >= '2000/01/01' THEN\n        INTO EMP_NEW VALUES(EMP_ID, EMP_NAME, HIRE_DATE, SALARY) \n    SELECT EMP_ID, EMP_NAME, HIRE_DATE, SALARY\n    FROM EMPLOYEE;
b8e00395-50f6-455e-8756-7f8faf8b3563:1749451096729:22:S:SELECT * FROM EMP_OLD;
4cb6f9c1-c2f1-46d6-85da-a403c7acdf18:1749451096801:20:S:SELECT * FROM EMP_NEW;
39bc1722-d2c9-44b9-b071-87f06eaf9fb9:1749451096948:0:F:CREATE TABLE EMP_02\nAS SELECT EMP_ID, EMP_NAME FROM EMPLOYEE WHERE 0=1;
699bb827-1b7a-4280-aaa3-2d56366ba569:1749451097126:0:F:CREATE TABLE USER_02\nAS SELECT USER_ID, NAME, MBTI\nFROM USER_INFO WHERE 0=1;
a17ea568-e99a-494a-a7d6-681a69218a2f:1749451097212:7:S:SELECT * FROM EMP_02;
a70a997d-a029-4a1c-bb59-caac7d1e64d0:1749451097262:4:S:SELECT * FROM USER_02;
5d8917f5-e90a-424a-a0f3-145f6dbb6b08:1749451097386:2:S:INSERT ALL\n    INTO EMP_02 VALUES(USER_ID, NAME)\n    INTO USER_02 VALUES(USER_ID, NAME, MBTI)\n    SELECT USER_ID, NAME, MBTI\n    FROM USER_INFO;
de27ed64-0c17-4bd9-a216-eb0624330c83:1749451097460:2:S:COMMIT;
70eac20f-40ce-48d7-b791-bdfc3420f4c4:1749451097494:25:S:TRUNCATE TABLE USER_02;
341956ff-1011-48d1-959e-0d8cacf2b4b4:1749451097566:9:S:SELECT * FROM EMP_01;
b1226ab2-309b-4fd1-9569-1f00b70fc4c3:1749451097745:5:S:SELECT * FROM USER_02;
95a33bec-3a0c-4b0f-99fb-c07ac87ec8eb:1749451097833:3:S:UPDATE USER_02\n SET \n    MBTI = 'INTP'\nWHERE MBTI IS NULL;
76f22ac0-1497-47a3-b506-4fc4f7f50116:1749451097909:1:S:COMMIT; -- 롤백해도 이 자리로 돌아옴
83efac96-002d-4d33-aaa8-45dae811d420:1749451097960:1:S:ROLLBACK;
3c614581-b726-4b33-8b23-a83082d7ac04:1749627302552:6:S:SELECT DEPT_CODE, EMP_NAME\nFROM EMPLOYEE\nWHERE EMP_NAME = '노옹철'; -- D9
55364966-ed54-4def-a52f-708dd06f818e:1749627302683:5:S:SELECT EMP_NAME\nFROM EMPLOYEE\nWHERE DEPT_CODE = 'D9';
2f9ebedc-346c-4062-8ff8-370621c9119f:1749627302924:5:S:SELECT *\nFROM EMPLOYEE\nWHERE DEPT_CODE = (SELECT DEPT_CODE\n                    FROM EMPLOYEE\n                    WHERE EMP_NAME = '노옹철');
20757a04-ff19-44d0-8ddc-f3da85289520:1749627303048:4:S:SELECT EMP_NAME\nFROM EMPLOYEE\nWHERE SALARY > (SELECT AVG(SALARY) FROM EMPLOYEE);
c83fa3ab-fc7f-42dd-a0a2-5466ca93713e:1749627303435:13:S:SELECT *\nFROM EMPLOYEE\nWHERE SALARY > (SELECT SALARY FROM EMPLOYEE WHERE EMP_NAME = '노옹철');
4974b5da-8052-4a5b-9dce-ce6884038383:1749627303607:10:S:SELECT MAX(SUM(SALARY))\nFROM EMPLOYEE\nGROUP BY DEPT_CODE; --17700000
fba102f2-3b4c-48bc-a14f-5f0c825b9fdb:1749627303780:4:S:SELECT DEPT_CODE, SUM(SALARY)\nFROM EMPLOYEE\nGROUP BY DEPT_CODE\nHAVING SUM(SALARY) = (\n  SELECT MAX(SUM(SALARY))\n  FROM EMPLOYEE\n  GROUP BY DEPT_CODE\n);
7ba412fe-4149-498b-ab22-f1ff9d83acd6:1749627303921:4:S:SELECT DEPT_CODE\nFROM EMPLOYEE\nWHERE EMP_NAME ='전지연'; -- D1
34f9dfce-0b2a-49ee-adbd-d00604ce7c47:1749627304032:4:S:SELECT *\nFROM EMPLOYEE\nWHERE DEPT_CODE = (SELECT DEPT_CODE\nFROM EMPLOYEE\nWHERE EMP_NAME ='전지연')\nAND EMP_NAME != '전지연';
07dc754e-5cc7-4454-9579-c6f4e9479cce:1749627304220:5:S:SELECT EMP_NAME, DEPT_CODE, SALARY\nFROM EMPLOYEE\nWHERE SALARY IN (SELECT MAX(SALARY) FROM EMPLOYEE GROUP BY DEPT_CODE)\nORDER BY SALARY DESC;
dce62b04-a2b4-44e9-8795-1f2acc6267b1:1749627304394:7:S:SELECT *\nFROM EMPLOYEE E\nWHERE SALARY = (SELECT MAX(SALARY)\n                  FROM EMPLOYEE\n                  WHERE DEPT_CODE = E.DEPT_CODE);
2b04a17f-b517-4736-ba4c-dd09dfad846f:1749627304567:11:S:SELECT * FROM EMPLOYEE;
3e839a02-7003-4db8-8452-645c06796dec:1749627304754:6:S:SELECT EMP_ID, EMP_NAME, DEPT_CODE, MANAGER_ID,\n    CASE \n        WHEN MANAGER_ID IS NULL THEN '사수'\n        ELSE '사원' END "구분"\nFROM EMPLOYEE;
edf7ad87-e1ac-40aa-ae82-f33b744082ee:1749627304966:8:S:SELECT *\nFROM EMPLOYEE;
6577a53b-5e87-491c-b00e-551715e277a8:1749627305096:4:S:SELECT EMP_ID, EMP_NAME, DEPT_CODE, MANAGER_ID,\n    CASE WHEN MANAGER_ID IS NULL THEN '사수'\n        ELSE '사원'\n        END AS 구분\nFROM EMPLOYEE;
3b2b4427-62bc-4690-ac27-6d2153b74d3b:1749627305182:2:S:SELECT DISTINCT MANAGER_ID\nFROM EMPLOYEE\nWHERE MANAGER_ID IS NOT NULL; -- 누군가의 사수인 사람들
1f5d5f6c-361c-4c50-8af2-bf945874dff2:1749627305409:5:S:SELECT EMP_ID, EMP_NAME, DEPT_CODE, MANAGER_ID,\n    CASE WHEN EMP_ID IN (SELECT DISTINCT MANAGER_ID\n                FROM EMPLOYEE\n                WHERE MANAGER_ID IS NOT NULL) THEN '사수'\n        ELSE '사원'\n        END AS 구분\nFROM EMPLOYEE;
cf169677-290f-48c3-8a00-5a2ef3d7341e:1749627305738:4:S:SELECT EMP_ID, EMP_NAME, JOB_NAME, SALARY\nFROM EMPLOYEE JOIN JOB USING (JOB_CODE)\nWHERE JOB_NAME = '대리'\nAND SALARY > ANY (SELECT SALARY \n                    FROM EMPLOYEE JOIN JOB USING (JOB_CODE)\n                   WHERE JOB_NAME = '과장');
3f4d15d7-b08c-4c56-a77b-0d8c0d4709c4:1749627305943:4:S:--  위아래 둘다 가능 --\nSELECT EMP_ID, EMP_NAME, JOB_NAME, SALARY\nFROM EMPLOYEE JOIN JOB USING (JOB_CODE)\nWHERE JOB_NAME = '대리'\nAND SALARY > (SELECT MIN(SALARY) \n                    FROM EMPLOYEE JOIN JOB USING (JOB_CODE)\n                   WHERE JOB_NAME = '과장');
1ae279fc-e60f-4de0-b623-a9885ef0804a:1749627306225:3:S:SELECT EMP_NAME, SALARY, JOB_NAME\nFROM EMPLOYEE JOIN JOB USING (JOB_CODE)\nWHERE JOB_NAME = '과장'\nAND SALARY > ALL(SELECT SALARY\n                   FROM EMPLOYEE JOIN JOB USING (JOB_CODE)\n                  WHERE JOB_NAME = '차장');
1d2a9678-9d73-460a-93d3-a4d092d9aaa3:1749627306441:4:S:SELECT EMP_NAME, SALARY, JOB_NAME\nFROM EMPLOYEE JOIN JOB USING (JOB_CODE)\nWHERE JOB_NAME = '과장'\nAND SALARY > (SELECT MAX(SALARY)\n                FROM EMPLOYEE JOIN JOB USING (JOB_CODE)\n               WHERE JOB_NAME = '차장');
96c0971e-5f2d-414a-984a-a193dff4fe26:1749627306650:3:S:SELECT DEPT_CODE, JOB_CODE, EMP_NAME\nFROM EMPLOYEE\nWHERE DEPT_CODE = (SELECT DEPT_CODE FROM EMPLOYEE WHERE EMP_NAME = '하이유')\nAND JOB_CODE = (SELECT JOB_CODE FROM EMPLOYEE WHERE EMP_NAME = '하이유');
0c4fe35e-cfc0-441b-b47e-8d3816384c2c:1749627306856:4:S:SELECT DEPT_CODE, JOB_CODE, EMP_NAME\nFROM EMPLOYEE\nWHERE (DEPT_CODE, JOB_CODE) = (SELECT DEPT_CODE, JOB_CODE \n                                 FROM EMPLOYEE \n                                WHERE EMP_NAME = '하이유');
77062c0c-cd3e-4ded-8c9e-10f28433099c:1749627307097:5:S:SELECT EMP_ID, EMP_NAME, JOB_CODE, SALARY\nFROM EMPLOYEE\nWHERE (SALARY, JOB_CODE) IN (SELECT MIN(SALARY), JOB_CODE\n                   FROM EMPLOYEE\n                    GROUP BY JOB_CODE);
3b6c91ea-899e-41a6-88fb-ccebcfe1f600:1749627307275:5:S:SELECT ROWNUM, SALARY, EMP_NAME\nFROM EMPLOYEE\nORDER BY SALARY DESC;
2c271a2d-b3f1-48ae-b677-d195a3b7cf24:1749627307391:3:S:SELECT ROWNUM, EMP_NAME, SALARY\nFROM (SELECT ROWNUM, SALARY, EMP_NAME\n        FROM EMPLOYEE\n        ORDER BY SALARY DESC)\nWHERE ROWNUM <= 5;
a804636a-ada2-4f87-bc1a-43a29c24baf2:1749627307517:4:S:SELECT ROUND(AVG(SALARY)) AVG_SAL, DEPT_CODE\nFROM EMPLOYEE\nGROUP BY DEPT_CODE\nORDER BY AVG_SAL DESC;
b5408753-18b8-403f-bc60-5d4a5b94d89b:1749627307753:4:S:SELECT ROWNUM, AVG_SAL, DEPT_CODE\nFROM (SELECT ROUND(AVG(NVL(SALARY,0))) AVG_SAL, DEPT_CODE\n        FROM EMPLOYEE\n        GROUP BY DEPT_CODE\n        ORDER BY AVG_SAL DESC)\nWHERE ROWNUM <= 3;
e870052b-0b58-49a0-8249-72eddf2a7855:1749627307954:3:S:WITH TOPN_SAL AS (\n    SELECT ROUND(AVG(NVL(SALARY,0))) AVG_SAL, DEPT_CODE\n        FROM EMPLOYEE\n        GROUP BY DEPT_CODE\n        ORDER BY AVG_SAL DESC\n)\nSELECT DEPT_CODE, AVG_SAL\nFROM TOPN_SAL\nWHERE ROWNUM <= 3;
2fc42925-deca-4bb6-9ca7-c26be6edecd8:1749627308120:4:S:SELECT \n    RANK() OVER(ORDER BY SALARY DESC),\n    EMP_NAME, SALARY\nFROM EMPLOYEE;
f7931ee8-6d32-45a4-944e-315b1fb1d37e:1749627308200:4:S:SELECT \n    DENSE_RANK() OVER(ORDER BY SALARY DESC),\n    EMP_NAME, SALARY\nFROM EMPLOYEE;
281324fd-c10c-4ef6-9e4c-d1f41ad05a03:1749627308351:4:S:SELECT\n     RANK, EMP_NAME, SALARY\nFROM (SELECT \n    RANK() OVER(ORDER BY SALARY DESC) RANK,\n    EMP_NAME, SALARY\nFROM EMPLOYEE)\nWHERE RANK <= 19;
324f5a82-7771-483a-959c-ceac3c64e2b3:1749627308561:4:S:SELECT \n    EMP_NAME, SALARY,\n    LAG(SALARY) OVER(ORDER BY SALARY DESC),\n    LEAD(SALARY) OVER(ORDER BY SALARY DESC)\nFROM EMPLOYEE;
05faab1c-5c5b-4f53-a2cc-860fcb7c9ae6:1749627308699:32:S:SELECT EMP_NAME, SALARY,\n    LAG(SALARY) OVER(ORDER BY SALARY DESC) ,\n     LAG(SALARY) OVER(ORDER BY SALARY DESC) - SALARY\nFROM EMPLOYEE;
34424072-b864-4059-b299-a1003a4ff3f8:1749627308861:24:S:SELECT EMP_NAME, SALARY,\n    LEAD(SALARY) OVER(ORDER BY SALARY DESC),\n    SALARY - LEAD(SALARY) OVER(ORDER BY SALARY DESC)\nFROM EMPLOYEE;
a13c11b7-459d-4d49-a520-9f5c714a2f4d:1749627309016:5:S:SELECT ROWNUM, E.*\nFROM (SELECT * FROM EMPLOYEE) E\nWHERE ROWNUM <= 10;
00528d8a-da3f-4385-926f-545f83f63002:1749627309149:5:S:SELECT *\nFROM (SELECT ROWNUM NUM, E.*\n        FROM (SELECT * FROM EMPLOYEE) E\n        WHERE ROWNUM <= 20)\nWHERE NUM >= 11;
f8feb518-6c8d-487b-bbb7-b62aff375f89:1749627309252:7:S:SELECT *\nFROM EMPLOYEE\nOFFSET 0 ROWS FETCH NEXT 10 ROWS ONLY;
f059c9a3-5197-41df-9671-25da2762221a:1749627309452:8:S:SELECT * FROM USER_INFO;
29c1cc19-d034-4903-9195-1856751ed863:1749627309487:10:S:SELECT * FROM REVIEW;
61bb38f7-d800-4dcd-b829-de7e6d3d7f53:1749627309526:14:S:SELECT * FROM MOVIE;
8c4e6b06-433a-499f-a7f3-2c99cd6a6ff8:1749627309569:7:S:SELECT * FROM ACTOR;
7032e888-95f8-411c-8bdb-1b2d1272a4a6:1749627309604:7:S:SELECT * FROM MOVIE_ACTOR;
2bdc21a1-4671-40f6-8b69-865f44fc3160:1749630632667:11:S:SELECT DEPT_CODE, EMP_NAME\nFROM EMPLOYEE\nWHERE EMP_NAME = '노옹철'; -- D9
56bef36d-f0ec-47de-bdda-117121318e10:1749630632785:3:S:SELECT EMP_NAME\nFROM EMPLOYEE\nWHERE DEPT_CODE = 'D9';
4c3f8f57-4f50-4dc2-88e6-36c29bdc4fd5:1749630632986:6:S:SELECT *\nFROM EMPLOYEE\nWHERE DEPT_CODE = (SELECT DEPT_CODE\n                    FROM EMPLOYEE\n                    WHERE EMP_NAME = '노옹철');
8fa77443-c801-49a3-bd4b-b2d31b1118e1:1749630633101:4:S:SELECT EMP_NAME\nFROM EMPLOYEE\nWHERE SALARY > (SELECT AVG(SALARY) FROM EMPLOYEE);
c78e3d68-aeae-4970-87d6-2a9d4ee57c1c:1749630633432:14:S:SELECT *\nFROM EMPLOYEE\nWHERE SALARY > (SELECT SALARY FROM EMPLOYEE WHERE EMP_NAME = '노옹철');
ae298f5e-4e25-4d2c-9fac-9ca8669193ad:1749630633547:6:S:SELECT MAX(SUM(SALARY))\nFROM EMPLOYEE\nGROUP BY DEPT_CODE; --17700000
c9eaa595-4d5e-4639-a2e4-c00cc174eae8:1749630633689:4:S:SELECT DEPT_CODE, SUM(SALARY)\nFROM EMPLOYEE\nGROUP BY DEPT_CODE\nHAVING SUM(SALARY) = (\n  SELECT MAX(SUM(SALARY))\n  FROM EMPLOYEE\n  GROUP BY DEPT_CODE\n);
340d858e-bc65-4470-9469-f4c4224a1ae1:1749630633810:5:S:SELECT DEPT_CODE\nFROM EMPLOYEE\nWHERE EMP_NAME ='전지연'; -- D1
24bd6371-44ef-4705-bfb6-016d97fc4736:1749630633919:5:S:SELECT *\nFROM EMPLOYEE\nWHERE DEPT_CODE = (SELECT DEPT_CODE\nFROM EMPLOYEE\nWHERE EMP_NAME ='전지연')\nAND EMP_NAME != '전지연';
e50983c7-b477-47b4-bf1a-a607a4d28561:1749630634082:5:S:SELECT EMP_NAME, DEPT_CODE, SALARY\nFROM EMPLOYEE\nWHERE SALARY IN (SELECT MAX(SALARY) FROM EMPLOYEE GROUP BY DEPT_CODE)\nORDER BY SALARY DESC;
9cfe1cc3-88ac-45d5-ab79-cb8528c61cfa:1749630634208:6:S:SELECT *\nFROM EMPLOYEE E\nWHERE SALARY = (SELECT MAX(SALARY)\n                  FROM EMPLOYEE\n                  WHERE DEPT_CODE = E.DEPT_CODE);
2d04c663-501c-4b1d-b6fd-ddba5209bca5:1749630634342:11:S:SELECT * FROM EMPLOYEE;
3b6603dc-5772-4791-a85b-51998ba7f992:1749630634523:5:S:SELECT EMP_ID, EMP_NAME, DEPT_CODE, MANAGER_ID,\n    CASE \n        WHEN MANAGER_ID IS NULL THEN '사수'\n        ELSE '사원' END "구분"\nFROM EMPLOYEE;
e56e26b7-8ab0-4803-b802-a120a1ef037c:1749630634710:8:S:SELECT *\nFROM EMPLOYEE;
00a75744-25c0-44de-ab9f-9bc41d408370:1749630635174:4:S:SELECT EMP_ID, EMP_NAME, DEPT_CODE, MANAGER_ID,\n    CASE WHEN MANAGER_ID IS NULL THEN '사수'\n        ELSE '사원'\n        END AS 구분\nFROM EMPLOYEE;
715c2aac-6c23-4edc-964e-bd0b388d66f1:1749630635244:4:S:SELECT DISTINCT MANAGER_ID\nFROM EMPLOYEE\nWHERE MANAGER_ID IS NOT NULL; -- 누군가의 사수인 사람들
dddde5cc-dc74-4c25-b89f-43ed7d1c0cc4:1749630635463:4:S:SELECT EMP_ID, EMP_NAME, DEPT_CODE, MANAGER_ID,\n    CASE WHEN EMP_ID IN (SELECT DISTINCT MANAGER_ID\n                FROM EMPLOYEE\n                WHERE MANAGER_ID IS NOT NULL) THEN '사수'\n        ELSE '사원'\n        END AS 구분\nFROM EMPLOYEE;
01f84858-cfd1-4384-a068-22450a92f709:1749630635786:4:S:SELECT EMP_ID, EMP_NAME, JOB_NAME, SALARY\nFROM EMPLOYEE JOIN JOB USING (JOB_CODE)\nWHERE JOB_NAME = '대리'\nAND SALARY > ANY (SELECT SALARY \n                    FROM EMPLOYEE JOIN JOB USING (JOB_CODE)\n                   WHERE JOB_NAME = '과장');
bf856538-69b9-47c4-a788-f3c2292d739c:1749630635981:4:S:--  위아래 둘다 가능 --\nSELECT EMP_ID, EMP_NAME, JOB_NAME, SALARY\nFROM EMPLOYEE JOIN JOB USING (JOB_CODE)\nWHERE JOB_NAME = '대리'\nAND SALARY > (SELECT MIN(SALARY) \n                    FROM EMPLOYEE JOIN JOB USING (JOB_CODE)\n                   WHERE JOB_NAME = '과장');
ea28fb51-30eb-47f9-9ca4-f7b5d7a19189:1749630636273:4:S:SELECT EMP_NAME, SALARY, JOB_NAME\nFROM EMPLOYEE JOIN JOB USING (JOB_CODE)\nWHERE JOB_NAME = '과장'\nAND SALARY > ALL(SELECT SALARY\n                   FROM EMPLOYEE JOIN JOB USING (JOB_CODE)\n                  WHERE JOB_NAME = '차장');
a4bf4afd-0b90-4a68-bb19-2e6c82f0f90f:1749630636473:3:S:SELECT EMP_NAME, SALARY, JOB_NAME\nFROM EMPLOYEE JOIN JOB USING (JOB_CODE)\nWHERE JOB_NAME = '과장'\nAND SALARY > (SELECT MAX(SALARY)\n                FROM EMPLOYEE JOIN JOB USING (JOB_CODE)\n               WHERE JOB_NAME = '차장');
c76f1152-592c-4faf-ba4e-a3e4386c76db:1749630636674:3:S:SELECT DEPT_CODE, JOB_CODE, EMP_NAME\nFROM EMPLOYEE\nWHERE DEPT_CODE = (SELECT DEPT_CODE FROM EMPLOYEE WHERE EMP_NAME = '하이유')\nAND JOB_CODE = (SELECT JOB_CODE FROM EMPLOYEE WHERE EMP_NAME = '하이유');
c5e9fc8c-3f1e-41a3-942b-036a01a30284:1749630636866:3:S:SELECT DEPT_CODE, JOB_CODE, EMP_NAME\nFROM EMPLOYEE\nWHERE (DEPT_CODE, JOB_CODE) = (SELECT DEPT_CODE, JOB_CODE \n                                 FROM EMPLOYEE \n                                WHERE EMP_NAME = '하이유');
2aa0bd0e-f1c2-4f71-9c53-595e6fd01fec:1749630637119:3:S:SELECT EMP_ID, EMP_NAME, JOB_CODE, SALARY\nFROM EMPLOYEE\nWHERE (SALARY, JOB_CODE) IN (SELECT MIN(SALARY), JOB_CODE\n                   FROM EMPLOYEE\n                    GROUP BY JOB_CODE);
a770a96b-a594-4c21-b021-26fc1e98e78b:1749630637300:4:S:SELECT ROWNUM, SALARY, EMP_NAME\nFROM EMPLOYEE\nORDER BY SALARY DESC;
dfc5e13a-ed1c-43ac-bf91-53b352a556b7:1749630637407:3:S:SELECT ROWNUM, EMP_NAME, SALARY\nFROM (SELECT ROWNUM, SALARY, EMP_NAME\n        FROM EMPLOYEE\n        ORDER BY SALARY DESC)\nWHERE ROWNUM <= 5;
81f76625-01d2-4bf8-b522-3fbe733695f7:1749630637533:3:S:SELECT ROUND(AVG(SALARY)) AVG_SAL, DEPT_CODE\nFROM EMPLOYEE\nGROUP BY DEPT_CODE\nORDER BY AVG_SAL DESC;
c018646f-29ec-4a5d-969b-ad85fcb05c39:1749630637768:3:S:SELECT ROWNUM, AVG_SAL, DEPT_CODE\nFROM (SELECT ROUND(AVG(NVL(SALARY,0))) AVG_SAL, DEPT_CODE\n        FROM EMPLOYEE\n        GROUP BY DEPT_CODE\n        ORDER BY AVG_SAL DESC)\nWHERE ROWNUM <= 3;
38de3f84-bddd-4bca-b78e-ac9791de0cbf:1749630637965:3:S:WITH TOPN_SAL AS (\n    SELECT ROUND(AVG(NVL(SALARY,0))) AVG_SAL, DEPT_CODE\n        FROM EMPLOYEE\n        GROUP BY DEPT_CODE\n        ORDER BY AVG_SAL DESC\n)\nSELECT DEPT_CODE, AVG_SAL\nFROM TOPN_SAL\nWHERE ROWNUM <= 3;
5ee475ee-c5a2-4e5f-b40c-2f9dd2fba91c:1749630638125:4:S:SELECT \n    RANK() OVER(ORDER BY SALARY DESC),\n    EMP_NAME, SALARY\nFROM EMPLOYEE;
df3aba3f-50c4-427a-bbc3-a6c8b3b87638:1749630638203:4:S:SELECT \n    DENSE_RANK() OVER(ORDER BY SALARY DESC),\n    EMP_NAME, SALARY\nFROM EMPLOYEE;
245a9f8c-4b58-498a-b447-ec37e6e9d905:1749630638356:4:S:SELECT\n     RANK, EMP_NAME, SALARY\nFROM (SELECT \n    RANK() OVER(ORDER BY SALARY DESC) RANK,\n    EMP_NAME, SALARY\nFROM EMPLOYEE)\nWHERE RANK <= 19;
7cb81906-4916-40d7-866e-f1a32dd9984b:1749630638576:5:S:SELECT \n    EMP_NAME, SALARY,\n    LAG(SALARY) OVER(ORDER BY SALARY DESC),\n    LEAD(SALARY) OVER(ORDER BY SALARY DESC)\nFROM EMPLOYEE;
9ca9e06f-bad6-4109-8a6f-1a0799fa0612:1749630638712:39:S:SELECT EMP_NAME, SALARY,\n    LAG(SALARY) OVER(ORDER BY SALARY DESC) ,\n     LAG(SALARY) OVER(ORDER BY SALARY DESC) - SALARY\nFROM EMPLOYEE;
fe4381e8-fe5c-43f0-8644-c85bd6c53b83:1749630638890:24:S:SELECT EMP_NAME, SALARY,\n    LEAD(SALARY) OVER(ORDER BY SALARY DESC),\n    SALARY - LEAD(SALARY) OVER(ORDER BY SALARY DESC)\nFROM EMPLOYEE;
03030114-2424-4a54-9aa9-fc6ba5f6940c:1749630639035:5:S:SELECT ROWNUM, E.*\nFROM (SELECT * FROM EMPLOYEE) E\nWHERE ROWNUM <= 10;
fbb7742a-25a3-478e-9998-da6d60c40b85:1749630639160:5:S:SELECT *\nFROM (SELECT ROWNUM NUM, E.*\n        FROM (SELECT * FROM EMPLOYEE) E\n        WHERE ROWNUM <= 20)\nWHERE NUM >= 11;
97a8d10b-f880-4d90-b90f-467a907ca758:1749630639256:5:S:SELECT *\nFROM EMPLOYEE\nOFFSET 0 ROWS FETCH NEXT 10 ROWS ONLY;
3bd31dad-d818-423f-b7cb-f22311208838:1749630639507:4:S:SELECT TITLE\nFROM MOVIE\nWHERE DIRECTOR IN (SELECT DIRECTOR\n                FROM MOVIE\n                WHERE TITLE = '국제시장')\nAND TITLE != '국제시장';
1e9bce49-21f6-4349-b906-7206dc12c6ca:1749630639715:6:S:SELECT USER_ID, ADDRESS, "COMMENT" \nFROM REVIEW \n    JOIN MOVIE USING(MOVIE_ID)\n    JOIN USER_INFO USING(USER_ID)\nWHERE ADDRESS IN (SELECT ADDRESS\n                    FROM USER_INFO \n                    WHERE ADDRESS LIKE '서울%');
8aeb8f10-a425-42b4-af56-634a3a4a78b1:1749630639850:0:F:SELECT TITLE\nFROM MOVIE\nWHERE RATING = (SELECT AVG(RATING)\n                FROM REVIEW\n                WHERE DIRECTOR = '봉준호');
c3e09034-a6b5-47ff-bcaf-188753a76b85:1749630640373:5:S:SELECT MAX(ReviewCount)\nFROM (\n    SELECT COUNT(*) AS ReviewCount\n    FROM (\n        SELECT TITLE\n        FROM REVIEW\n        JOIN MOVIE USING (MOVIE_ID)\n    )\n    GROUP BY TITLE\n);
4b1dd87a-26df-4895-be0e-060cba4c1d6c:1749630640422:3:S:SELECT USER_ID, NAME, ADDRESS FROM USER_INFO;
1d89d890-5579-4222-b6b6-ef5b8839c0a3:1749630640464:4:S:SELECT MOVIE_ID, USER_ID, RATING, "COMMENT" FROM REVIEW;
3a0e8d6a-74a6-4feb-9b01-c906e3aca8e9:1749630640503:6:S:SELECT MOVIE_ID, TITLE, DIRECTOR FROM MOVIE;
87d00d32-8fec-48f9-8903-bea5ea88e6c5:1749630640541:4:S:SELECT ACTOR_ID, NAME FROM ACTOR;
f5551fb4-139e-4440-b299-b01d32c3cd0a:1749630640580:5:S:SELECT MOVIE_ID, ACTOR_ID, ROLE FROM MOVIE_ACTOR;
b577601f-1920-4536-ae5b-976f1ebfcae3:1749630640709:2:S:SELECT AVG(RATING) FROM REVIEW;
